Using pre-set license
Built from '2022.3/staging' branch; Version is '2022.3.4f1 (35713cd46cd7) revision 3502396'; Using compiler version '192829333'; Build Type 'Release'
OS: 'Windows 10  (10.0.19045) 64bit Core' Language: 'en' Physical Memory: 32160 MB
BatchMode: 1, IsHumanControllingUs: 0, StartBugReporterOnCrash: 0, Is64bit: 1, IsPro: 1

COMMAND LINE ARGUMENTS:
C:\Program Files\Unity\Hub\Editor\2022.3.4f1\Editor\Unity.exe
-adb2
-batchMode
-noUpm
-name
AssetImportWorker4
-projectPath
C:/Users/ADkSk/Desktop/DES214-WALKSIM/DES214-WalkingSimulator
-logFile
Logs/AssetImportWorker4.log
-srvPort
65430
Successfully changed project path to: C:/Users/ADkSk/Desktop/DES214-WALKSIM/DES214-WalkingSimulator
C:/Users/ADkSk/Desktop/DES214-WALKSIM/DES214-WalkingSimulator
[UnityMemory] Configuration Parameters - Can be set up in boot.config
    "memorysetup-bucket-allocator-granularity=16"
    "memorysetup-bucket-allocator-bucket-count=8"
    "memorysetup-bucket-allocator-block-size=33554432"
    "memorysetup-bucket-allocator-block-count=8"
    "memorysetup-main-allocator-block-size=16777216"
    "memorysetup-thread-allocator-block-size=16777216"
    "memorysetup-gfx-main-allocator-block-size=16777216"
    "memorysetup-gfx-thread-allocator-block-size=16777216"
    "memorysetup-cache-allocator-block-size=4194304"
    "memorysetup-typetree-allocator-block-size=2097152"
    "memorysetup-profiler-bucket-allocator-granularity=16"
    "memorysetup-profiler-bucket-allocator-bucket-count=8"
    "memorysetup-profiler-bucket-allocator-block-size=33554432"
    "memorysetup-profiler-bucket-allocator-block-count=8"
    "memorysetup-profiler-allocator-block-size=16777216"
    "memorysetup-profiler-editor-allocator-block-size=1048576"
    "memorysetup-temp-allocator-size-main=16777216"
    "memorysetup-job-temp-allocator-block-size=2097152"
    "memorysetup-job-temp-allocator-block-size-background=1048576"
    "memorysetup-job-temp-allocator-reduction-small-platforms=262144"
    "memorysetup-allocator-temp-initial-block-size-main=262144"
    "memorysetup-allocator-temp-initial-block-size-worker=262144"
    "memorysetup-temp-allocator-size-background-worker=32768"
    "memorysetup-temp-allocator-size-job-worker=262144"
    "memorysetup-temp-allocator-size-preload-manager=33554432"
    "memorysetup-temp-allocator-size-nav-mesh-worker=65536"
    "memorysetup-temp-allocator-size-audio-worker=65536"
    "memorysetup-temp-allocator-size-cloud-worker=32768"
    "memorysetup-temp-allocator-size-gi-baking-worker=262144"
    "memorysetup-temp-allocator-size-gfx=262144"
Player connection [37216] Host "[IP] 10.0.0.251 [Port] 0 [Flags] 2 [Guid] 1383491054 [EditorId] 1383491054 [Version] 1048832 [Id] WindowsEditor(7,LAPTOP-2E90LUFU) [Debug] 1 [PackageName] WindowsEditor [ProjectName] Editor" joined multi-casting on [225.0.0.222:54997]...

Player connection [37216] Host "[IP] 10.0.0.251 [Port] 0 [Flags] 2 [Guid] 1383491054 [EditorId] 1383491054 [Version] 1048832 [Id] WindowsEditor(7,LAPTOP-2E90LUFU) [Debug] 1 [PackageName] WindowsEditor [ProjectName] Editor" joined alternative multi-casting on [225.0.0.222:34997]...

Setting multithreaded rendering option only supported for iOS, tvOS and Android platforms, VisionOS provided
Multithreaded rendering setting removed for platform VisionOS
Refreshing native plugins compatible for Editor in 15.73 ms, found 3 plugins.
Preloading 0 native plugins for Editor in 0.00 ms.
Initialize engine version: 2022.3.4f1 (35713cd46cd7)
[Subsystems] Discovering subsystems at path C:/Program Files/Unity/Hub/Editor/2022.3.4f1/Editor/Data/Resources/UnitySubsystems
[Subsystems] Discovering subsystems at path C:/Users/ADkSk/Desktop/DES214-WALKSIM/DES214-WalkingSimulator/Assets
GfxDevice: creating device client; threaded=0; jobified=0
Direct3D:
    Version:  Direct3D 11.0 [level 11.1]
    Renderer: NVIDIA GeForce RTX 3080 Laptop GPU (ID=0x249c)
    Vendor:   NVIDIA
    VRAM:     16191 MB
    Driver:   31.0.15.3179
Initialize mono
Mono path[0] = 'C:/Program Files/Unity/Hub/Editor/2022.3.4f1/Editor/Data/Managed'
Mono path[1] = 'C:/Program Files/Unity/Hub/Editor/2022.3.4f1/Editor/Data/MonoBleedingEdge/lib/mono/unityjit-win32'
Mono config path = 'C:/Program Files/Unity/Hub/Editor/2022.3.4f1/Editor/Data/MonoBleedingEdge/etc'
Using monoOptions --debugger-agent=transport=dt_socket,embedding=1,server=y,suspend=n,address=127.0.0.1:56528
Begin MonoManager ReloadAssembly
Registering precompiled unity dll's ...
Register platform support module: C:/Program Files/Unity/Hub/Editor/2022.3.4f1/Editor/Data/PlaybackEngines/WindowsStandaloneSupport/UnityEditor.WindowsStandalone.Extensions.dll
Registered in 0.008718 seconds.
- Loaded All Assemblies, in  0.273 seconds
Native extension for WindowsStandalone target not found
Mono: successfully reloaded assembly
- Finished resetting the current domain, in  0.220 seconds
Domain Reload Profiling: 491ms
	BeginReloadAssembly (74ms)
		ExecutionOrderSort (0ms)
		DisableScriptedObjects (0ms)
		BackupInstance (0ms)
		ReleaseScriptingObjects (0ms)
		CreateAndSetChildDomain (1ms)
	RebuildCommonClasses (26ms)
	RebuildNativeTypeToScriptingClass (8ms)
	initialDomainReloadingComplete (55ms)
	LoadAllAssembliesAndSetupDomain (108ms)
		LoadAssemblies (71ms)
		RebuildTransferFunctionScriptingTraits (0ms)
		AnalyzeDomain (101ms)
			TypeCache.Refresh (101ms)
				TypeCache.ScanAssembly (92ms)
			ScanForSourceGeneratedMonoScriptInfo (0ms)
			ResolveRequiredComponents (0ms)
	FinalizeReload (220ms)
		ReleaseScriptCaches (0ms)
		RebuildScriptCaches (0ms)
		SetupLoadedEditorAssemblies (174ms)
			LogAssemblyErrors (0ms)
			InitializePlatformSupportModulesInManaged (9ms)
			SetLoadedEditorAssemblies (7ms)
			RefreshPlugins (0ms)
			BeforeProcessingInitializeOnLoad (2ms)
			ProcessInitializeOnLoadAttributes (117ms)
			ProcessInitializeOnLoadMethodAttributes (40ms)
			AfterProcessingInitializeOnLoad (0ms)
			EditorAssembliesLoaded (0ms)
		ExecutionOrderSort2 (0ms)
		AwakeInstancesAfterBackupRestoration (0ms)
========================================================================
Worker process is ready to serve import requests
Begin MonoManager ReloadAssembly
Symbol file LoadedFromMemory doesn't match image C:\Users\ADkSk\Desktop\DES214-WALKSIM\DES214-WalkingSimulator\Library\PackageCache\com.unity.visualscripting@1.8.0\Editor\VisualScripting.Core\Dependencies\YamlDotNet\Unity.VisualScripting.YamlDotNet.dll
Symbol file LoadedFromMemory doesn't match image C:\Users\ADkSk\Desktop\DES214-WALKSIM\DES214-WalkingSimulator\Library\PackageCache\com.unity.visualscripting@1.8.0\Editor\VisualScripting.Core\Dependencies\DotNetZip\Unity.VisualScripting.IonicZip.dll
Symbol file LoadedFromMemory is not a mono symbol file
- Loaded All Assemblies, in  0.686 seconds
Refreshing native plugins compatible for Editor in 9.71 ms, found 3 plugins.
Native extension for WindowsStandalone target not found
Mono: successfully reloaded assembly
- Finished resetting the current domain, in  0.520 seconds
Domain Reload Profiling: 1202ms
	BeginReloadAssembly (108ms)
		ExecutionOrderSort (0ms)
		DisableScriptedObjects (4ms)
		BackupInstance (0ms)
		ReleaseScriptingObjects (0ms)
		CreateAndSetChildDomain (20ms)
	RebuildCommonClasses (27ms)
	RebuildNativeTypeToScriptingClass (9ms)
	initialDomainReloadingComplete (39ms)
	LoadAllAssembliesAndSetupDomain (498ms)
		LoadAssemblies (303ms)
		RebuildTransferFunctionScriptingTraits (0ms)
		AnalyzeDomain (241ms)
			TypeCache.Refresh (217ms)
				TypeCache.ScanAssembly (205ms)
			ScanForSourceGeneratedMonoScriptInfo (20ms)
			ResolveRequiredComponents (3ms)
	FinalizeReload (521ms)
		ReleaseScriptCaches (0ms)
		RebuildScriptCaches (0ms)
		SetupLoadedEditorAssemblies (404ms)
			LogAssemblyErrors (0ms)
			InitializePlatformSupportModulesInManaged (6ms)
			SetLoadedEditorAssemblies (3ms)
			RefreshPlugins (0ms)
			BeforeProcessingInitializeOnLoad (74ms)
			ProcessInitializeOnLoadAttributes (210ms)
			ProcessInitializeOnLoadMethodAttributes (102ms)
			AfterProcessingInitializeOnLoad (9ms)
			EditorAssembliesLoaded (0ms)
		ExecutionOrderSort2 (0ms)
		AwakeInstancesAfterBackupRestoration (6ms)
Setting multithreaded rendering option only supported for iOS, tvOS and Android platforms, VisionOS provided
Multithreaded rendering setting removed for platform VisionOS
Launched and connected shader compiler UnityShaderCompiler.exe after 0.06 seconds
Refreshing native plugins compatible for Editor in 9.47 ms, found 3 plugins.
Preloading 0 native plugins for Editor in 0.00 ms.
Unloading 4222 Unused Serialized files (Serialized files now loaded: 0)
Unloading 71 unused Assets / (72.4 KB). Loaded Objects now: 4680.
Memory consumption went from 153.1 MB to 153.0 MB.
Total: 5.971900 ms (FindLiveObjects: 0.269300 ms CreateObjectMapping: 0.103800 ms MarkObjects: 5.459400 ms  DeleteObjects: 0.138000 ms)

AssetImportParameters requested are different than current active one (requested -> active):
  custom:container-demuxer-ogg: 62fdf1f143b41e24485cea50d1cbac27 -> 
  custom:video-codec-MediaFoundation-h265: 746d11721c4dcdbdad8f713fa42b33f4 -> 
  custom:video-decoder-ogg-theora: a1e56fd34408186e4bbccfd4996cb3dc -> 
  custom:framework-win-MediaFoundation: 216162199b28c13a410421893ffa2e32 -> 
  custom:CustomObjectIndexerAttribute: 756ad292c208cfabdd7b50bc23989ffe -> 
  custom:container-demuxer-webm: 4f35f7cbe854078d1ac9338744f61a02 -> 
  custom:container-muxer-webm: aa71ff27fc2769a1b78a27578f13a17b -> 
  custom:video-decoder-webm-vp8: 9c59270c3fd7afecdb556c50c9e8de78 -> 
  custom:AudioImporter_EditorPlatform: d09bf68614088b80899f8185d706f6e7 -> 
  custom:video-encoder-webm-vp8: eb34c28f22e8b96e1ab97ce403110664 -> 
  custom:audio-decoder-ogg-vorbis: bf7c407c2cedff20999df2af8eb42d56 -> 
  custom:audio-encoder-webm-vorbis: bf7c407c2cedff20999df2af8eb42d56 -> 
========================================================================
Received Import Request.
  Time since last request: 394054.594169 seconds.
  path: Assets/Scenes
  artifactKey: Guid(61fe9e2e5c7394022a4986f8acda545e) Importer(815301076,1909f56bfc062723c751e8b465ee728b)
Start importing Assets/Scenes using Guid(61fe9e2e5c7394022a4986f8acda545e) Importer(815301076,1909f56bfc062723c751e8b465ee728b)  -> (artifact id: '49fd066609cdfd1deef545bf5f82ef0a') in 0.002844 seconds
Number of updated asset objects reloaded before import = 0
Number of asset objects unloaded after import = 0
========================================================================
Received Import Request.
  Time since last request: 5.885255 seconds.
  path: Assets/Prefabs/Pillar 1.prefab
  artifactKey: Guid(f4819a4ad9e73e94ab9f653b1379f104) Importer(815301076,1909f56bfc062723c751e8b465ee728b)
Start importing Assets/Prefabs/Pillar 1.prefab using Guid(f4819a4ad9e73e94ab9f653b1379f104) Importer(815301076,1909f56bfc062723c751e8b465ee728b)  -> (artifact id: '54f7bea7f511d23f712ac76cc58e19a1') in 0.081781 seconds
Number of updated asset objects reloaded before import = 0
Number of asset objects unloaded after import = 8
========================================================================
Received Import Request.
  Time since last request: 4.066603 seconds.
  path: Assets/Prefabs/Tree.prefab
  artifactKey: Guid(f4819a4ad9e73e94ab9f653b1379f104) Importer(815301076,1909f56bfc062723c751e8b465ee728b)
Start importing Assets/Prefabs/Tree.prefab using Guid(f4819a4ad9e73e94ab9f653b1379f104) Importer(815301076,1909f56bfc062723c751e8b465ee728b)  -> (artifact id: '099a7ec50c3a63c4542d0e6181a5bade') in 0.006426 seconds
Number of updated asset objects reloaded before import = 0
Number of asset objects unloaded after import = 8
========================================================================
Received Import Request.
  Time since last request: 3.843723 seconds.
  path: Assets/Prefabs/Tree1.prefab
  artifactKey: Guid(f4819a4ad9e73e94ab9f653b1379f104) Importer(815301076,1909f56bfc062723c751e8b465ee728b)
Start importing Assets/Prefabs/Tree1.prefab using Guid(f4819a4ad9e73e94ab9f653b1379f104) Importer(815301076,1909f56bfc062723c751e8b465ee728b)  -> (artifact id: '0baf69d83b5773f1167b358868fb92ba') in 0.005721 seconds
Number of updated asset objects reloaded before import = 0
Number of asset objects unloaded after import = 8
========================================================================
Received Import Request.
  Time since last request: 57.125475 seconds.
  path: Assets/Level1Terrain.asset
  artifactKey: Guid(58aaf3a841f824078be4f20b8ceba50e) Importer(815301076,1909f56bfc062723c751e8b465ee728b)
Start importing Assets/Level1Terrain.asset using Guid(58aaf3a841f824078be4f20b8ceba50e) Importer(815301076,1909f56bfc062723c751e8b465ee728b) The tree Pillar must use the Nature/Soft Occlusion shader. Otherwise billboarding/lighting will not work correctly.
 -> (artifact id: '026403aee44c29edfcd121cb75f46e6f') in 0.005859 seconds
Number of updated asset objects reloaded before import = 0
Number of asset objects unloaded after import = 8
========================================================================
Received Import Request.
  Time since last request: 0.023575 seconds.
  path: Assets/TerrainData_8c7cf0a1-d2c8-460c-9821-996fe8883be9.asset
  artifactKey: Guid(a5f2a2fdc7369c047b1a0f4faaf0c955) Importer(815301076,1909f56bfc062723c751e8b465ee728b)
Start importing Assets/TerrainData_8c7cf0a1-d2c8-460c-9821-996fe8883be9.asset using Guid(a5f2a2fdc7369c047b1a0f4faaf0c955) Importer(815301076,1909f56bfc062723c751e8b465ee728b) The tree Pillar must use the Nature/Soft Occlusion shader. Otherwise billboarding/lighting will not work correctly.
 -> (artifact id: 'ffd177004ff2bc85eed233cee694270c') in 0.005319 seconds
Number of updated asset objects reloaded before import = 0
Number of asset objects unloaded after import = 8
========================================================================
Received Import Request.
  Time since last request: 0.000020 seconds.
  path: Assets/TerrainData_b76e9d6e-b145-4c94-8e1e-ea8f96acc7eb.asset
  artifactKey: Guid(7651c3f96ad0131478f435e211050565) Importer(815301076,1909f56bfc062723c751e8b465ee728b)
Start importing Assets/TerrainData_b76e9d6e-b145-4c94-8e1e-ea8f96acc7eb.asset using Guid(7651c3f96ad0131478f435e211050565) Importer(815301076,1909f56bfc062723c751e8b465ee728b)  -> (artifact id: '7fb6a4b795d29cd232bbb9eac9fe5a23') in 0.004841 seconds
Number of updated asset objects reloaded before import = 0
Number of asset objects unloaded after import = 1
========================================================================
Received Import Request.
  Time since last request: 0.000020 seconds.
  path: Assets/TerrainData_e6d6aa6c-21ea-4321-9577-07e0fe8d7898.asset
  artifactKey: Guid(e97d6dcae845a6b4ab27aa201427fdc3) Importer(815301076,1909f56bfc062723c751e8b465ee728b)
Start importing Assets/TerrainData_e6d6aa6c-21ea-4321-9577-07e0fe8d7898.asset using Guid(e97d6dcae845a6b4ab27aa201427fdc3) Importer(815301076,1909f56bfc062723c751e8b465ee728b) The tree Pillar must use the Nature/Soft Occlusion shader. Otherwise billboarding/lighting will not work correctly.
 -> (artifact id: '34ceda966ab4dda60ee6d74f282ac73c') in 0.005655 seconds
Number of updated asset objects reloaded before import = 0
Number of asset objects unloaded after import = 8
========================================================================
Received Import Request.
  Time since last request: 0.000015 seconds.
  path: Assets/TerrainData_7470bea1-99dd-4049-8595-827af801622a.asset
  artifactKey: Guid(e5cd740c83e811f42849cfad72439aa1) Importer(815301076,1909f56bfc062723c751e8b465ee728b)
Start importing Assets/TerrainData_7470bea1-99dd-4049-8595-827af801622a.asset using Guid(e5cd740c83e811f42849cfad72439aa1) Importer(815301076,1909f56bfc062723c751e8b465ee728b) The tree Pillar must use the Nature/Soft Occlusion shader. Otherwise billboarding/lighting will not work correctly.
 -> (artifact id: '1a683ec89e433a48c950a8d03cc708bd') in 0.005032 seconds
Number of updated asset objects reloaded before import = 0
Number of asset objects unloaded after import = 8
========================================================================
Received Import Request.
  Time since last request: 11.889645 seconds.
  path: Assets/Tree Leaves.mat
  artifactKey: Guid(788a11670b147f04e89f002d594f8413) Importer(815301076,1909f56bfc062723c751e8b465ee728b)
Start importing Assets/Tree Leaves.mat using Guid(788a11670b147f04e89f002d594f8413) Importer(815301076,1909f56bfc062723c751e8b465ee728b)  -> (artifact id: 'f66ccb5ecbe11c748897c394d1544919') in 0.022411 seconds
Number of updated asset objects reloaded before import = 0
Number of asset objects unloaded after import = 1
========================================================================
Received Import Request.
  Time since last request: 5.759100 seconds.
  path: Assets/Tree Trunk.mat
  artifactKey: Guid(573638a40e71167479a6a052fb06fafe) Importer(815301076,1909f56bfc062723c751e8b465ee728b)
Start importing Assets/Tree Trunk.mat using Guid(573638a40e71167479a6a052fb06fafe) Importer(815301076,1909f56bfc062723c751e8b465ee728b)  -> (artifact id: 'f085fbce32c3d4122519e278294fbdc1') in 0.006514 seconds
Number of updated asset objects reloaded before import = 0
Number of asset objects unloaded after import = 1
========================================================================
Received Import Request.
  Time since last request: 18.971182 seconds.
  path: Assets/Prefabs/Tree1.prefab
  artifactKey: Guid(f4819a4ad9e73e94ab9f653b1379f104) Importer(815301076,1909f56bfc062723c751e8b465ee728b)
Start importing Assets/Prefabs/Tree1.prefab using Guid(f4819a4ad9e73e94ab9f653b1379f104) Importer(815301076,1909f56bfc062723c751e8b465ee728b)  -> (artifact id: '6cfa362225926d5702a2be8841bf64f7') in 0.014729 seconds
Number of updated asset objects reloaded before import = 0
Number of asset objects unloaded after import = 22
========================================================================
Received Import Request.
  Time since last request: 118.658157 seconds.
  path: Assets/Prefabs/TerrainData_34aabbf8-3f9e-42f7-b0c2-59aa540a1beb.asset
  artifactKey: Guid(86e18dcf65da6064296ee2f44e544e5a) Importer(815301076,1909f56bfc062723c751e8b465ee728b)
Start importing Assets/Prefabs/TerrainData_34aabbf8-3f9e-42f7-b0c2-59aa540a1beb.asset using Guid(86e18dcf65da6064296ee2f44e544e5a) Importer(815301076,1909f56bfc062723c751e8b465ee728b) The tree Pillar must use the Nature/Soft Occlusion shader. Otherwise billboarding/lighting will not work correctly.
 -> (artifact id: 'b6d7bebe9490667ac27d619ed1fed4ef') in 0.036305 seconds
Number of updated asset objects reloaded before import = 0
Number of asset objects unloaded after import = 20
========================================================================
Received Import Request.
  Time since last request: 0.000020 seconds.
  path: Assets/Prefabs/Tree1.prefab
  artifactKey: Guid(f4819a4ad9e73e94ab9f653b1379f104) Importer(815301076,1909f56bfc062723c751e8b465ee728b)
Start importing Assets/Prefabs/Tree1.prefab using Guid(f4819a4ad9e73e94ab9f653b1379f104) Importer(815301076,1909f56bfc062723c751e8b465ee728b)  -> (artifact id: '0f11f3bc3e8a8d2de21e959b3697d33f') in 0.104033 seconds
Number of updated asset objects reloaded before import = 0
Number of asset objects unloaded after import = 22
========================================================================
Received Prepare
Setting multithreaded rendering option only supported for iOS, tvOS and Android platforms, VisionOS provided
Multithreaded rendering setting removed for platform VisionOS
Begin MonoManager ReloadAssembly
Symbol file LoadedFromMemory doesn't match image C:\Users\ADkSk\Desktop\DES214-WALKSIM\DES214-WalkingSimulator\Library\PackageCache\com.unity.visualscripting@1.8.0\Editor\VisualScripting.Core\Dependencies\YamlDotNet\Unity.VisualScripting.YamlDotNet.dll
Symbol file LoadedFromMemory doesn't match image C:\Users\ADkSk\Desktop\DES214-WALKSIM\DES214-WalkingSimulator\Library\PackageCache\com.unity.visualscripting@1.8.0\Editor\VisualScripting.Core\Dependencies\DotNetZip\Unity.VisualScripting.IonicZip.dll
Symbol file LoadedFromMemory is not a mono symbol file
- Loaded All Assemblies, in  0.679 seconds
Refreshing native plugins compatible for Editor in 11.22 ms, found 3 plugins.
Native extension for WindowsStandalone target not found
Mono: successfully reloaded assembly
- Finished resetting the current domain, in  0.978 seconds
Domain Reload Profiling: 1651ms
	BeginReloadAssembly (136ms)
		ExecutionOrderSort (0ms)
		DisableScriptedObjects (4ms)
		BackupInstance (0ms)
		ReleaseScriptingObjects (0ms)
		CreateAndSetChildDomain (44ms)
	RebuildCommonClasses (25ms)
	RebuildNativeTypeToScriptingClass (8ms)
	initialDomainReloadingComplete (31ms)
	LoadAllAssembliesAndSetupDomain (473ms)
		LoadAssemblies (297ms)
		RebuildTransferFunctionScriptingTraits (0ms)
		AnalyzeDomain (221ms)
			TypeCache.Refresh (217ms)
				TypeCache.ScanAssembly (202ms)
			ScanForSourceGeneratedMonoScriptInfo (0ms)
			ResolveRequiredComponents (4ms)
	FinalizeReload (979ms)
		ReleaseScriptCaches (0ms)
		RebuildScriptCaches (0ms)
		SetupLoadedEditorAssemblies (442ms)
			LogAssemblyErrors (0ms)
			InitializePlatformSupportModulesInManaged (7ms)
			SetLoadedEditorAssemblies (4ms)
			RefreshPlugins (0ms)
			BeforeProcessingInitializeOnLoad (81ms)
			ProcessInitializeOnLoadAttributes (210ms)
			ProcessInitializeOnLoadMethodAttributes (129ms)
			AfterProcessingInitializeOnLoad (11ms)
			EditorAssembliesLoaded (0ms)
		ExecutionOrderSort2 (0ms)
		AwakeInstancesAfterBackupRestoration (6ms)
Refreshing native plugins compatible for Editor in 9.98 ms, found 3 plugins.
Preloading 0 native plugins for Editor in 0.00 ms.
Unloading 4214 Unused Serialized files (Serialized files now loaded: 0)
Unloading 56 unused Assets / (46.7 KB). Loaded Objects now: 4730.
Memory consumption went from 156.5 MB to 156.5 MB.
Total: 7.126400 ms (FindLiveObjects: 0.335600 ms CreateObjectMapping: 0.151300 ms MarkObjects: 6.553000 ms  DeleteObjects: 0.085400 ms)

Prepare: number of updated asset objects reloaded= 0
AssetImportParameters requested are different than current active one (requested -> active):
  custom:container-demuxer-ogg: 62fdf1f143b41e24485cea50d1cbac27 -> 
  custom:video-codec-MediaFoundation-h265: 746d11721c4dcdbdad8f713fa42b33f4 -> 
  custom:video-decoder-ogg-theora: a1e56fd34408186e4bbccfd4996cb3dc -> 
  custom:framework-win-MediaFoundation: 216162199b28c13a410421893ffa2e32 -> 
  custom:CustomObjectIndexerAttribute: 756ad292c208cfabdd7b50bc23989ffe -> 
  custom:container-demuxer-webm: 4f35f7cbe854078d1ac9338744f61a02 -> 
  custom:container-muxer-webm: aa71ff27fc2769a1b78a27578f13a17b -> 
  custom:video-decoder-webm-vp8: 9c59270c3fd7afecdb556c50c9e8de78 -> 
  custom:AudioImporter_EditorPlatform: d09bf68614088b80899f8185d706f6e7 -> 
  custom:video-encoder-webm-vp8: eb34c28f22e8b96e1ab97ce403110664 -> 
  custom:audio-decoder-ogg-vorbis: bf7c407c2cedff20999df2af8eb42d56 -> 
  custom:audio-encoder-webm-vorbis: bf7c407c2cedff20999df2af8eb42d56 -> 
========================================================================
Received Import Request.
  Time since last request: 145.094771 seconds.
  path: Assets/Prefabs/Tree1.prefab
  artifactKey: Guid(f4819a4ad9e73e94ab9f653b1379f104) Importer(815301076,1909f56bfc062723c751e8b465ee728b)
Start importing Assets/Prefabs/Tree1.prefab using Guid(f4819a4ad9e73e94ab9f653b1379f104) Importer(815301076,1909f56bfc062723c751e8b465ee728b)  -> (artifact id: '6c5785bfc602c1825f1c04ba613be1db') in 0.046263 seconds
Number of updated asset objects reloaded before import = 0
Number of asset objects unloaded after import = 22
========================================================================
Received Import Request.
  Time since last request: 104.243585 seconds.
  path: Assets/Prefabs/Tree1.prefab
  artifactKey: Guid(f4819a4ad9e73e94ab9f653b1379f104) Importer(815301076,1909f56bfc062723c751e8b465ee728b)
Start importing Assets/Prefabs/Tree1.prefab using Guid(f4819a4ad9e73e94ab9f653b1379f104) Importer(815301076,1909f56bfc062723c751e8b465ee728b)  -> (artifact id: 'b668e0ebcfa8aea3a7292107cb1be7c7') in 0.007829 seconds
Number of updated asset objects reloaded before import = 0
Number of asset objects unloaded after import = 22
========================================================================
Received Import Request.
  Time since last request: 2.196282 seconds.
  path: Assets/Prefabs/Tree1.prefab
  artifactKey: Guid(f4819a4ad9e73e94ab9f653b1379f104) Importer(815301076,1909f56bfc062723c751e8b465ee728b)
Start importing Assets/Prefabs/Tree1.prefab using Guid(f4819a4ad9e73e94ab9f653b1379f104) Importer(815301076,1909f56bfc062723c751e8b465ee728b)  -> (artifact id: 'b69957b794ae3ecfd5ff7d417aaad02b') in 0.007431 seconds
Number of updated asset objects reloaded before import = 0
Number of asset objects unloaded after import = 22
========================================================================
Received Import Request.
  Time since last request: 16.964959 seconds.
  path: Assets/Prefabs/Tree1.prefab
  artifactKey: Guid(f4819a4ad9e73e94ab9f653b1379f104) Importer(815301076,1909f56bfc062723c751e8b465ee728b)
Start importing Assets/Prefabs/Tree1.prefab using Guid(f4819a4ad9e73e94ab9f653b1379f104) Importer(815301076,1909f56bfc062723c751e8b465ee728b)  -> (artifact id: 'a3cdd9c529a7b350862e7c869d39d0f8') in 0.007674 seconds
Number of updated asset objects reloaded before import = 0
Number of asset objects unloaded after import = 22
========================================================================
Received Import Request.
  Time since last request: 7.449367 seconds.
  path: Assets/Prefabs/Tree1.prefab
  artifactKey: Guid(f4819a4ad9e73e94ab9f653b1379f104) Importer(815301076,1909f56bfc062723c751e8b465ee728b)
Start importing Assets/Prefabs/Tree1.prefab using Guid(f4819a4ad9e73e94ab9f653b1379f104) Importer(815301076,1909f56bfc062723c751e8b465ee728b)  -> (artifact id: '56b72ea6f4e1611c5d7c142c1470f971') in 0.006699 seconds
Number of updated asset objects reloaded before import = 0
Number of asset objects unloaded after import = 22
========================================================================
Received Import Request.
  Time since last request: 2.027224 seconds.
  path: Assets/Prefabs/TerrainData_8a944126-6336-47b3-9c49-a47a9a50f91f.asset
  artifactKey: Guid(e15d91f03cd26e54fab6488d9f73eb57) Importer(815301076,1909f56bfc062723c751e8b465ee728b)
Start importing Assets/Prefabs/TerrainData_8a944126-6336-47b3-9c49-a47a9a50f91f.asset using Guid(e15d91f03cd26e54fab6488d9f73eb57) Importer(815301076,1909f56bfc062723c751e8b465ee728b)  -> (artifact id: '27edac1dfa646dc2a902a95a8ba33f20') in 0.005297 seconds
Number of updated asset objects reloaded before import = 0
Number of asset objects unloaded after import = 13
========================================================================
Received Import Request.
  Time since last request: 0.024505 seconds.
  path: Assets/Prefabs/Tree1.prefab
  artifactKey: Guid(f4819a4ad9e73e94ab9f653b1379f104) Importer(815301076,1909f56bfc062723c751e8b465ee728b)
Start importing Assets/Prefabs/Tree1.prefab using Guid(f4819a4ad9e73e94ab9f653b1379f104) Importer(815301076,1909f56bfc062723c751e8b465ee728b)  -> (artifact id: 'b775a950a614a8d238388d3b5927e8b8') in 0.009196 seconds
Number of updated asset objects reloaded before import = 0
Number of asset objects unloaded after import = 22
========================================================================
Received Import Request.
  Time since last request: 0.000017 seconds.
  path: Assets/Prefabs/TerrainData_ec1dfa9e-c8a0-4abf-9243-758478caa005.asset
  artifactKey: Guid(6d2bbec75d8868f47be253e9ae669bff) Importer(815301076,1909f56bfc062723c751e8b465ee728b)
Start importing Assets/Prefabs/TerrainData_ec1dfa9e-c8a0-4abf-9243-758478caa005.asset using Guid(6d2bbec75d8868f47be253e9ae669bff) Importer(815301076,1909f56bfc062723c751e8b465ee728b)  -> (artifact id: '5dc93759b018c6236630f3c9acd4b412') in 0.005249 seconds
Number of updated asset objects reloaded before import = 0
Number of asset objects unloaded after import = 13
========================================================================
Received Import Request.
  Time since last request: 2.980942 seconds.
  path: Assets/Prefabs/Level1Terrain.asset
  artifactKey: Guid(58aaf3a841f824078be4f20b8ceba50e) Importer(815301076,1909f56bfc062723c751e8b465ee728b)
Start importing Assets/Prefabs/Level1Terrain.asset using Guid(58aaf3a841f824078be4f20b8ceba50e) Importer(815301076,1909f56bfc062723c751e8b465ee728b)  -> (artifact id: '39a2234f7012124b1267a1ec8ca475c6') in 0.005099 seconds
Number of updated asset objects reloaded before import = 0
Number of asset objects unloaded after import = 13
